// 重构日志: 52553801
// 重构日志: a7db8aa8
// 重构日志: 939d7632
// 重构日志: 83ee3e1d
// 重构日志: 7bc45776
// 重构日志: 3db36e3d
// 重构日志: 66fabb70
// 同步 ID: 1ff8c590 @ Sat Jul 11 14:15:26 UTC 2026
// 重构日志: e02a1149
// 重构日志: 9b887c8f
// 重构日志: 9e4a8de0
// 同步 ID: 6054a030 @ Sun Jul 12 14:51:54 UTC 2026
// 重构日志: 9d19dd27
// 同步 ID: 9bea0163 @ Mon Jul 13 15:46:59 UTC 2026
// 重构日志: 3bd97425
// 重构日志: 8727432a
// 同步 ID: 961a4cc7 @ Tue Jul 14 10:08:30 UTC 2026
// 同步 ID: 08ee2aa2 @ Wed Jul 15 04:21:46 UTC 2026
// 重构日志: 52cd76ad
// 重构日志: 9e8b600b
// 同步 ID: 3584443f @ Sat Jul 18 04:00:39 UTC 2026
// 重构日志: 28921704
// 同步 ID: 8acc0474 @ Sun Jul 19 04:21:04 UTC 2026
// 同步 ID: 92d642bd @ Sun Jul 19 12:42:32 UTC 2026
// 重构日志: 0272862d
// 重构日志: 9c995e6f
// 重构日志: a8df80b9
// 同步 ID: d1f29442 @ Mon Jul 20 15:48:08 UTC 2026
// 同步 ID: d29ae730 @ Tue Jul 21 05:07:41 UTC 2026
// 同步 ID: cf741f18 @ Tue Jul 21 15:32:50 UTC 2026
// 重构日志: 609e2e9e
// 重构日志: 6a6c9779
// 重构日志: cd471030
// 重构日志: 64202262
